<?xml version="1.0" encoding="UTF-8" ?>
<testsuite tests="1" failures="0" name="Test2Test" time="26.97" errors="1" skipped="0">
  <properties>
[...]
</properties>
  <testcase classname="Test2Test" name="test2" time="26.97">
    <error message="Reached error page: about:neterror?e=netTimeout&amp;u=http%3A//77.244.210.158%3A8082/&amp;c=UTF-8&amp;f=regular&amp;d=%D0%92%D1%80%D0%B5%D0%BC%D1%8F%20%D0%BE%D0%B6%D0%B8%D0%B4%D0%B0%D0%BD%D0%B8%D1%8F%20%D0%BE%D1%82%D0%B2%D0%B5%D1%82%D0%B0%20%D0%BE%D1%82%20%D1%81%D0%B5%D1%80%D0%B2%D0%B5%D1%80%D0%B0%2077.244.210.158%20%D0%B8%D1%81%D1%82%D0%B5%D0%BA%D0%BB%D0%BE.
Build info: version: &apos;3.141.59&apos;, revision: &apos;e82be7d358&apos;, time: &apos;2018-11-14T08:17:03&apos;
System info: host: &apos;MASTERCHEIN&apos;, ip: &apos;192.168.0.110&apos;, os.name: &apos;Windows 10&apos;, os.arch: &apos;amd64&apos;, os.version: &apos;10.0&apos;, java.version: &apos;1.8.0_221&apos;
Driver info: org.openqa.selenium.firefox.FirefoxDriver
Capabilities {acceptInsecureCerts: true, browserName: firefox, browserVersion: 70.0.1, javascriptEnabled: true, moz:accessibilityChecks: false, moz:buildID: 20191030021342, moz:geckodriverVersion: 0.24.0, moz:headless: false, moz:processID: 4732, moz:profile: C:\Users\YD052CKF\AppData\L..., moz:shutdownTimeout: 60000, moz:useNonSpecCompliantPointerOrigin: false, moz:webdriverClick: true, pageLoadStrategy: normal, platform: WINDOWS, platformName: WINDOWS, platformVersion: 10.0, rotatable: false, setWindowRect: true, strictFileInteractability: false, timeouts: {implicit: 0, pageLoad: 300000, script: 30000}, unhandledPromptBehavior: dismiss and notify}
Session ID: 78686070-164e-4c39-9efc-be8ad8892345" type="org.openqa.selenium.WebDriverException">org.openqa.selenium.WebDriverException: Reached error page: about:neterror?e=netTimeout&amp;u=http%3A//77.244.210.158%3A8082/&amp;c=UTF-8&amp;f=regular&amp;d=%D0%92%D1%80%D0%B5%D0%BC%D1%8F%20%D0%BE%D0%B6%D0%B8%D0%B4%D0%B0%D0%BD%D0%B8%D1%8F%20%D0%BE%D1%82%D0%B2%D0%B5%D1%82%D0%B0%20%D0%BE%D1%82%20%D1%81%D0%B5%D1%80%D0%B2%D0%B5%D1%80%D0%B0%2077.244.210.158%20%D0%B8%D1%81%D1%82%D0%B5%D0%BA%D0%BB%D0%BE.
Build info: version: &apos;3.141.59&apos;, revision: &apos;e82be7d358&apos;, time: &apos;2018-11-14T08:17:03&apos;
System info: host: &apos;MASTERCHEIN&apos;, ip: &apos;192.168.0.110&apos;, os.name: &apos;Windows 10&apos;, os.arch: &apos;amd64&apos;, os.version: &apos;10.0&apos;, java.version: &apos;1.8.0_221&apos;
Driver info: org.openqa.selenium.firefox.FirefoxDriver
Capabilities {acceptInsecureCerts: true, browserName: firefox, browserVersion: 70.0.1, javascriptEnabled: true, moz:accessibilityChecks: false, moz:buildID: 20191030021342, moz:geckodriverVersion: 0.24.0, moz:headless: false, moz:processID: 4732, moz:profile: C:\Users\YD052CKF\AppData\L..., moz:shutdownTimeout: 60000, moz:useNonSpecCompliantPointerOrigin: false, moz:webdriverClick: true, pageLoadStrategy: normal, platform: WINDOWS, platformName: WINDOWS, platformVersion: 10.0, rotatable: false, setWindowRect: true, strictFileInteractability: false, timeouts: {implicit: 0, pageLoad: 300000, script: 30000}, unhandledPromptBehavior: dismiss and notify}
Session ID: 78686070-164e-4c39-9efc-be8ad8892345
	at sun.reflect.NativeConstructorAccessorImpl.newInstance0(Native Method)
	at sun.reflect.NativeConstructorAccessorImpl.newInstance(NativeConstructorAccessorImpl.java:62)
	at sun.reflect.DelegatingConstructorAccessorImpl.newInstance(DelegatingConstructorAccessorImpl.java:45)
	at java.lang.reflect.Constructor.newInstance(Constructor.java:423)
	at org.openqa.selenium.remote.http.W3CHttpResponseCodec.createException(W3CHttpResponseCodec.java:187)
	at org.openqa.selenium.remote.http.W3CHttpResponseCodec.decode(W3CHttpResponseCodec.java:122)
	at org.openqa.selenium.remote.http.W3CHttpResponseCodec.decode(W3CHttpResponseCodec.java:49)
	at org.openqa.selenium.remote.HttpCommandExecutor.execute(HttpCommandExecutor.java:158)
	at org.openqa.selenium.remote.service.DriverCommandExecutor.execute(DriverCommandExecutor.java:83)
	at org.openqa.selenium.remote.RemoteWebDriver.execute(RemoteWebDriver.java:552)
	at org.openqa.selenium.remote.RemoteWebDriver.get(RemoteWebDriver.java:277)
	at Test2Test.test2(Test2Test.java:39)
	at sun.reflect.NativeMethodAccessorImpl.invoke0(Native Method)
	at sun.reflect.NativeMethodAccessorImpl.invoke(NativeMethodAccessorImpl.java:62)
	at sun.reflect.DelegatingMethodAccessorImpl.invoke(DelegatingMethodAccessorImpl.java:43)
	at java.lang.reflect.Method.invoke(Method.java:498)
	at org.junit.runners.model.FrameworkMethod$1.runReflectiveCall(FrameworkMethod.java:50)
	at org.junit.internal.runners.model.ReflectiveCallable.run(ReflectiveCallable.java:12)
	at org.junit.runners.model.FrameworkMethod.invokeExplosively(FrameworkMethod.java:47)
	at org.junit.internal.runners.statements.InvokeMethod.evaluate(InvokeMethod.java:17)
	at org.junit.internal.runners.statements.RunBefores.evaluate(RunBefores.java:26)
	at org.junit.internal.runners.statements.RunAfters.evaluate(RunAfters.java:27)
	at org.junit.runners.ParentRunner.runLeaf(ParentRunner.java:325)
	at org.junit.runners.BlockJUnit4ClassRunner.runChild(BlockJUnit4ClassRunner.java:78)
	at org.junit.runners.BlockJUnit4ClassRunner.runChild(BlockJUnit4ClassRunner.java:57)
	at org.junit.runners.ParentRunner$3.run(ParentRunner.java:290)
	at org.junit.runners.ParentRunner$1.schedule(ParentRunner.java:71)
	at org.junit.runners.ParentRunner.runChildren(ParentRunner.java:288)
	at org.junit.runners.ParentRunner.access$000(ParentRunner.java:58)
	at org.junit.runners.ParentRunner$2.evaluate(ParentRunner.java:268)
	at org.junit.runners.ParentRunner.run(ParentRunner.java:363)
	at org.apache.maven.surefire.junit4.JUnit4Provider.execute(JUnit4Provider.java:252)
	at org.apache.maven.surefire.junit4.JUnit4Provider.executeTestSet(JUnit4Provider.java:141)
	at org.apache.maven.surefire.junit4.JUnit4Provider.invoke(JUnit4Provider.java:112)
	at sun.reflect.NativeMethodAccessorImpl.invoke0(Native Method)
	at sun.reflect.NativeMethodAccessorImpl.invoke(NativeMethodAccessorImpl.java:62)
	at sun.reflect.DelegatingMethodAccessorImpl.invoke(DelegatingMethodAccessorImpl.java:43)
	at java.lang.reflect.Method.invoke(Method.java:498)
	at org.apache.maven.surefire.util.ReflectionUtils.invokeMethodWithArray(ReflectionUtils.java:189)
	at org.apache.maven.surefire.booter.ProviderFactory$ProviderProxy.invoke(ProviderFactory.java:165)
	at org.apache.maven.surefire.booter.ProviderFactory.invokeProvider(ProviderFactory.java:85)
	at org.apache.maven.surefire.booter.ForkedBooter.runSuitesInProcess(ForkedBooter.java:115)
	at org.apache.maven.surefire.booter.ForkedBooter.main(ForkedBooter.java:75)
</error>
    <system-err>1579287637183	mozrunner::runner	INFO	Running command: &quot;C:\\Program Files (x86)\\Mozilla Firefox\\firefox.exe&quot; &quot;-marionette&quot; &quot;-foreground&quot; &quot;-no-remote&quot; &quot;-profile&quot; &quot;C:\\Users\\YD052CKF\\AppData\\Local\\Temp\\rust_mozprofile.UZjtOInzdnyV&quot;
1579287638387	addons.webextension.screenshots@mozilla.org	WARN	Loading extension &apos;screenshots@mozilla.org&apos;: Reading manifest: Invalid extension permission: mozillaAddons
1579287638387	addons.webextension.screenshots@mozilla.org	WARN	Loading extension &apos;screenshots@mozilla.org&apos;: Reading manifest: Invalid extension permission: telemetry
1579287638387	addons.webextension.screenshots@mozilla.org	WARN	Loading extension &apos;screenshots@mozilla.org&apos;: Reading manifest: Invalid extension permission: resource://pdf.js/
1579287638387	addons.webextension.screenshots@mozilla.org	WARN	Loading extension &apos;screenshots@mozilla.org&apos;: Reading manifest: Invalid extension permission: about:reader*
JavaScript error: resource://gre/modules/XULStore.jsm, line 66: Error: Can&apos;t find profile directory.
1579287640626	Marionette	INFO	Listening on port 58848
1579287641122	Marionette	WARN	TLS certificate errors will be ignored for this session
��� 17, 2020 10:00:41 PM org.openqa.selenium.remote.ProtocolHandshake createSession
INFO: Detected dialect: W3C
JavaScript error: resource://gre/modules/XULStore.jsm, line 66: Error: Can&apos;t find profile directory.
1579287662403	Marionette	INFO	Stopped listening on port 58848
[Child 3280, Chrome_ChildThread] WARNING: pipe error: 109: file z:/task_1572402546/build/src/ipc/chromium/src/chrome/common/ipc_channel_win.cc, line 341
[Child 10848, Chrome_ChildThread] WARNING: pipe error: 109: file z:/task_1572402546/build/src/ipc/chromium/src/chrome/common/ipc_channel_win.cc, line 341
[Child 1084[Parent 4732, Gecko_IOThread] WARNING: pipe error: 109: file z:/task_1572402546/build/src/ipc/chromium/src/chrome/common/ipc_channel_win.cc, line 341
[Child 15304, Chrome_ChildThread] WARNING: pipe error: 109: file z:/task_1572402546/build/src/ipc/chromium/src/chrome/common/ipc_channel_win.cc, line 341
[Child 15304, Ch[GPU 4404, Chrome_ChildThread] WARNING: pipe
###!!! [Child][MessageChannel::SendAndWait] Error: Channel error: cannot send/recv

</system-err>
  </testcase>
</testsuite>